{"C:\\Users\\s6006\\Desktop\\Git Projects\\FizzBuzz\\FizzBuzz-\\fizzbuzz.js": {"path":"C:\\Users\\s6006\\Desktop\\Git Projects\\FizzBuzz\\FizzBuzz-\\fizzbuzz.js","all":false,"statementMap":{"0":{"start":{"line":1,"column":0},"end":{"line":1,"column":23}},"1":{"start":{"line":2,"column":0},"end":{"line":2,"column":36}},"2":{"start":{"line":3,"column":0},"end":{"line":3,"column":25}},"3":{"start":{"line":4,"column":0},"end":{"line":4,"column":5}},"4":{"start":{"line":5,"column":0},"end":{"line":5,"column":3}},"5":{"start":{"line":6,"column":0},"end":{"line":6,"column":22}},"6":{"start":{"line":7,"column":0},"end":{"line":7,"column":22}},"7":{"start":{"line":8,"column":0},"end":{"line":8,"column":5}},"8":{"start":{"line":9,"column":0},"end":{"line":9,"column":20}},"9":{"start":{"line":10,"column":0},"end":{"line":10,"column":21}},"10":{"start":{"line":11,"column":0},"end":{"line":11,"column":5}},"11":{"start":{"line":12,"column":0},"end":{"line":12,"column":15}},"12":{"start":{"line":13,"column":0},"end":{"line":13,"column":1}},"13":{"start":{"line":14,"column":0},"end":{"line":14,"column":20}},"14":{"start":{"line":15,"column":0},"end":{"line":15,"column":28}},"15":{"start":{"line":16,"column":0},"end":{"line":16,"column":42}},"16":{"start":{"line":17,"column":0},"end":{"line":17,"column":5}},"17":{"start":{"line":18,"column":0},"end":{"line":18,"column":1}},"18":{"start":{"line":19,"column":0},"end":{"line":19,"column":24}}},"s":{"0":6,"1":6,"2":1,"3":1,"4":5,"5":6,"6":2,"7":2,"8":6,"9":2,"10":2,"11":1,"12":1,"13":0,"14":0,"15":0,"16":0,"17":0,"18":1},"branchMap":{"0":{"type":"branch","line":1,"loc":{"start":{"line":1,"column":0},"end":{"line":13,"column":1}},"locations":[{"start":{"line":1,"column":0},"end":{"line":13,"column":1}}]},"1":{"type":"branch","line":2,"loc":{"start":{"line":2,"column":7},"end":{"line":2,"column":35}},"locations":[{"start":{"line":2,"column":7},"end":{"line":2,"column":35}}]},"2":{"type":"branch","line":2,"loc":{"start":{"line":2,"column":35},"end":{"line":4,"column":5}},"locations":[{"start":{"line":2,"column":35},"end":{"line":4,"column":5}}]},"3":{"type":"branch","line":5,"loc":{"start":{"line":5,"column":-2},"end":{"line":6,"column":8}},"locations":[{"start":{"line":5,"column":-2},"end":{"line":6,"column":8}}]},"4":{"type":"branch","line":6,"loc":{"start":{"line":6,"column":21},"end":{"line":8,"column":5}},"locations":[{"start":{"line":6,"column":21},"end":{"line":8,"column":5}}]},"5":{"type":"branch","line":9,"loc":{"start":{"line":9,"column":-2},"end":{"line":9,"column":7}},"locations":[{"start":{"line":9,"column":-2},"end":{"line":9,"column":7}}]},"6":{"type":"branch","line":9,"loc":{"start":{"line":9,"column":19},"end":{"line":11,"column":5}},"locations":[{"start":{"line":9,"column":19},"end":{"line":11,"column":5}}]},"7":{"type":"branch","line":12,"loc":{"start":{"line":12,"column":-2},"end":{"line":13,"column":1}},"locations":[{"start":{"line":12,"column":-2},"end":{"line":13,"column":1}}]}},"b":{"0":[6],"1":[3],"2":[1],"3":[5],"4":[2],"5":[3],"6":[2],"7":[1]},"fnMap":{"0":{"name":"fizzbuzz","decl":{"start":{"line":1,"column":0},"end":{"line":13,"column":1}},"loc":{"start":{"line":1,"column":0},"end":{"line":13,"column":1}},"line":1},"1":{"name":"print","decl":{"start":{"line":14,"column":0},"end":{"line":18,"column":1}},"loc":{"start":{"line":14,"column":0},"end":{"line":18,"column":1}},"line":14}},"f":{"0":6,"1":0}}
}
