TN:
SF:fizzbuzz.js
FN:1,fizzbuzz
FN:2,divisible
FN:23,print
FNF:3
FNH:3
FNDA:24,fizzbuzz
FNDA:64,divisible
FNDA:1,print
DA:1,24
DA:2,24
DA:3,24
DA:4,1
DA:5,1
DA:6,1
DA:7,24
DA:8,1
DA:9,1
DA:10,22
DA:11,24
DA:12,2
DA:13,2
DA:14,20
DA:15,24
DA:16,6
DA:17,6
DA:18,24
DA:19,4
DA:20,4
DA:21,10
DA:22,10
DA:23,1
DA:24,1
DA:25,17
DA:26,17
DA:27,1
DA:28,1
DA:29,1
LF:29
LH:29
BRDA:1,0,0,24
BRDA:3,1,0,1
BRDA:7,2,0,23
BRDA:7,3,0,1
BRDA:10,4,0,22
BRDA:11,5,0,8
BRDA:11,6,0,2
BRDA:14,7,0,20
BRDA:15,8,0,6
BRDA:18,9,0,14
BRDA:18,10,0,4
BRDA:21,11,0,10
BRDA:2,12,0,64
BRDA:23,13,0,1
BRDA:24,14,0,17
BRF:15
BRH:15
end_of_record
